Using pre-set license
Built from 'master' branch; Version is '2020.3.36f1 (71f96b79b9f0) revision 7469419'; Using compiler version '192528614'; Build Type 'Release'
OS: 'Windows 10  (10.0.19043) 64bit Core' Language: 'en' Physical Memory: 32702 MB
BatchMode: 1, IsHumanControllingUs: 0, StartBugReporterOnCrash: 0, Is64bit: 1, IsPro: 0

COMMAND LINE ARGUMENTS:
C:\Program Files\Unity\Hub\Editor\2020.3.36f1\Editor\Unity.exe
-adb2
-batchMode
-noUpm
-name
AssetImportWorker0
-projectPath
C:/_MyWork/Unity/UnityLearn/Programming-Theory/ProgrammingTheory
-logFile
Logs/AssetImportWorker0.log
-srvPort
54243
Successfully changed project path to: C:/_MyWork/Unity/UnityLearn/Programming-Theory/ProgrammingTheory
C:/_MyWork/Unity/UnityLearn/Programming-Theory/ProgrammingTheory
Using Asset Import Pipeline V2.
Refreshing native plugins compatible for Editor in 25.08 ms, found 2 plugins.
Preloading 0 native plugins for Editor in 0.00 ms.
Initialize engine version: 2020.3.36f1 (71f96b79b9f0)
[Subsystems] Discovering subsystems at path C:/Program Files/Unity/Hub/Editor/2020.3.36f1/Editor/Data/Resources/UnitySubsystems
[Subsystems] Discovering subsystems at path C:/_MyWork/Unity/UnityLearn/Programming-Theory/ProgrammingTheory/Assets
GfxDevice: creating device client; threaded=0
Direct3D:
    Version:  Direct3D 11.0 [level 11.1]
    Renderer: NVIDIA GeForce GTX 1080 Ti (ID=0x1b06)
    Vendor:   
    VRAM:     11127 MB
    Driver:   30.0.15.1277
Initialize mono
Mono path[0] = 'C:/Program Files/Unity/Hub/Editor/2020.3.36f1/Editor/Data/Managed'
Mono path[1] = 'C:/Program Files/Unity/Hub/Editor/2020.3.36f1/Editor/Data/MonoBleedingEdge/lib/mono/unityjit'
Mono config path = 'C:/Program Files/Unity/Hub/Editor/2020.3.36f1/Editor/Data/MonoBleedingEdge/etc'
Using monoOptions --debugger-agent=transport=dt_socket,embedding=1,server=y,suspend=n,address=127.0.0.1:56592
Begin MonoManager ReloadAssembly
Registering precompiled unity dll's ...
Register platform support module: C:/Program Files/Unity/Hub/Editor/2020.3.36f1/Editor/Data/PlaybackEngines/WebGLSupport/UnityEditor.WebGL.Extensions.dll
Register platform support module: C:/Program Files/Unity/Hub/Editor/2020.3.36f1/Editor/Data/PlaybackEngines/WindowsStandaloneSupport/UnityEditor.WindowsStandalone.Extensions.dll
Registered in 0.001990 seconds.
Native extension for WindowsStandalone target not found
Native extension for WebGL target not found
Refreshing native plugins compatible for Editor in 24.12 ms, found 2 plugins.
Preloading 0 native plugins for Editor in 0.00 ms.
Mono: successfully reloaded assembly
- Completed reload, in  0.476 seconds
Domain Reload Profiling:
	ReloadAssembly (476ms)
		BeginReloadAssembly (56ms)
			ExecutionOrderSort (0ms)
			DisableScriptedObjects (0ms)
			BackupInstance (0ms)
			ReleaseScriptingObjects (0ms)
			CreateAndSetChildDomain (1ms)
		EndReloadAssembly (363ms)
			LoadAssemblies (54ms)
			RebuildTransferFunctionScriptingTraits (0ms)
			SetupTypeCache (118ms)
			ReleaseScriptCaches (0ms)
			RebuildScriptCaches (27ms)
			SetupLoadedEditorAssemblies (126ms)
				LogAssemblyErrors (0ms)
				InitializePlatformSupportModulesInManaged (4ms)
				SetLoadedEditorAssemblies (0ms)
				RefreshPlugins (24ms)
				BeforeProcessingInitializeOnLoad (12ms)
				ProcessInitializeOnLoadAttributes (65ms)
				ProcessInitializeOnLoadMethodAttributes (22ms)
				AfterProcessingInitializeOnLoad (0ms)
				EditorAssembliesLoaded (0ms)
			ExecutionOrderSort2 (0ms)
			AwakeInstancesAfterBackupRestoration (0ms)
Platform modules already initialized, skipping
Registering precompiled user dll's ...
Registered in 0.002263 seconds.
Begin MonoManager ReloadAssembly
Native extension for WindowsStandalone target not found
Native extension for WebGL target not found
Refreshing native plugins compatible for Editor in 0.27 ms, found 2 plugins.
Preloading 0 native plugins for Editor in 0.00 ms.
Mono: successfully reloaded assembly
- Completed reload, in  0.832 seconds
Domain Reload Profiling:
	ReloadAssembly (833ms)
		BeginReloadAssembly (124ms)
			ExecutionOrderSort (0ms)
			DisableScriptedObjects (4ms)
			BackupInstance (0ms)
			ReleaseScriptingObjects (0ms)
			CreateAndSetChildDomain (15ms)
		EndReloadAssembly (661ms)
			LoadAssemblies (73ms)
			RebuildTransferFunctionScriptingTraits (0ms)
			SetupTypeCache (218ms)
			ReleaseScriptCaches (0ms)
			RebuildScriptCaches (41ms)
			SetupLoadedEditorAssemblies (266ms)
				LogAssemblyErrors (0ms)
				InitializePlatformSupportModulesInManaged (5ms)
				SetLoadedEditorAssemblies (0ms)
				RefreshPlugins (0ms)
				BeforeProcessingInitializeOnLoad (76ms)
				ProcessInitializeOnLoadAttributes (167ms)
				ProcessInitializeOnLoadMethodAttributes (11ms)
				AfterProcessingInitializeOnLoad (6ms)
				EditorAssembliesLoaded (0ms)
			ExecutionOrderSort2 (0ms)
			AwakeInstancesAfterBackupRestoration (1ms)
Platform modules already initialized, skipping
========================================================================
Worker process is ready to serve import requests
Launched and connected shader compiler UnityShaderCompiler.exe after 0.04 seconds
Refreshing native plugins compatible for Editor in 0.41 ms, found 2 plugins.
Preloading 0 native plugins for Editor in 0.00 ms.
Unloading 1528 Unused Serialized files (Serialized files now loaded: 0)
System memory in use before: 153.2 MB.
System memory in use after: 153.3 MB.

Unloading 16 unused Assets to reduce memory usage. Loaded Objects now: 1981.
Total: 1.997000 ms (FindLiveObjects: 0.110600 ms CreateObjectMapping: 0.042000 ms MarkObjects: 1.798400 ms  DeleteObjects: 0.045500 ms)

AssetImportParameters requested are different than current active one (requested -> active):
  custom:framework-win-MediaFoundation: 216162199b28c13a410421893ffa2e32 -> 
  custom:video-decoder-ogg-theora: a1e56fd34408186e4bbccfd4996cb3dc -> 
  custom:container-muxer-webm: aa71ff27fc2769a1b78a27578f13a17b -> 
  custom:container-demuxer-webm: 4f35f7cbe854078d1ac9338744f61a02 -> 
  custom:container-demuxer-ogg: 62fdf1f143b41e24485cea50d1cbac27 -> 
  custom:video-encoder-webm-vp8: eb34c28f22e8b96e1ab97ce403110664 -> 
  custom:video-decoder-webm-vp8: 9c59270c3fd7afecdb556c50c9e8de78 -> 
  custom:audio-decoder-ogg-vorbis: bf7c407c2cedff20999df2af8eb42d56 -> 
  custom:audio-encoder-webm-vorbis: bf7c407c2cedff20999df2af8eb42d56 -> 
========================================================================
Received Import Request.
  path: Assets/_Materials/PlatformMaterial.mat
  artifactKey: Guid(49f20c1b2807ccb41981742cadd8eb53) Importer(815301076,1909f56bfc062723c751e8b465ee728b)
Start importing Assets/_Materials/PlatformMaterial.mat using Guid(49f20c1b2807ccb41981742cadd8eb53) Importer(815301076,1909f56bfc062723c751e8b465ee728b)  -> (artifact id: '20c5c80966a1db2196de58c7f6720b6c') in 0.087349 seconds 
========================================================================
Received Import Request.
  Time since last request: 735.716574 seconds.
  path: Assets/_Materials/PlatformMaterial.mat
  artifactKey: Guid(49f20c1b2807ccb41981742cadd8eb53) Importer(815301076,1909f56bfc062723c751e8b465ee728b)
Start importing Assets/_Materials/PlatformMaterial.mat using Guid(49f20c1b2807ccb41981742cadd8eb53) Importer(815301076,1909f56bfc062723c751e8b465ee728b)  -> (artifact id: '83e94917cba32e65efa3e376db5b4a7d') in 0.070373 seconds 
========================================================================
Received Import Request.
  Time since last request: 14.446915 seconds.
  path: Assets/Ground textures pack/Dry ground/Dry ground pattern.mat
  artifactKey: Guid(d805d830c4023774cb6259aca09f431e) Importer(815301076,1909f56bfc062723c751e8b465ee728b)
Start importing Assets/Ground textures pack/Dry ground/Dry ground pattern.mat using Guid(d805d830c4023774cb6259aca09f431e) Importer(815301076,1909f56bfc062723c751e8b465ee728b)  -> (artifact id: '51ee03f92392010a9b981e03b3904e96') in 0.163079 seconds 
========================================================================
Received Import Request.
  Time since last request: 0.000101 seconds.
  path: Assets/Ground textures pack/Grass 05/Grass pattern 05.mat
  artifactKey: Guid(49c3c02661a83fd42b33859cfbf9a17d) Importer(815301076,1909f56bfc062723c751e8b465ee728b)
Start importing Assets/Ground textures pack/Grass 05/Grass pattern 05.mat using Guid(49c3c02661a83fd42b33859cfbf9a17d) Importer(815301076,1909f56bfc062723c751e8b465ee728b)  -> (artifact id: '9c6b7322f724febb8a3c52ae256d5578') in 0.096353 seconds 
========================================================================
Received Import Request.
  Time since last request: 0.000126 seconds.
  path: Assets/Ground textures pack/Ground & weeds/Ground & weeds.mat
  artifactKey: Guid(5674184a87d87e54ca8047426601a57b) Importer(815301076,1909f56bfc062723c751e8b465ee728b)
Start importing Assets/Ground textures pack/Ground & weeds/Ground & weeds.mat using Guid(5674184a87d87e54ca8047426601a57b) Importer(815301076,1909f56bfc062723c751e8b465ee728b)  -> (artifact id: '7635b08a52722bcb4a462f34af25cad6') in 0.009664 seconds 
========================================================================
Received Import Request.
  Time since last request: 0.000118 seconds.
  path: Assets/Ground textures pack/Grass 03/Grass pattern 03.mat
  artifactKey: Guid(d86005a29439b7541ade84523818db1a) Importer(815301076,1909f56bfc062723c751e8b465ee728b)
Start importing Assets/Ground textures pack/Grass 03/Grass pattern 03.mat using Guid(d86005a29439b7541ade84523818db1a) Importer(815301076,1909f56bfc062723c751e8b465ee728b)  -> (artifact id: 'a812f5fe71db6b2dcfa7b537a7a9df36') in 0.019273 seconds 
========================================================================
Received Import Request.
  Time since last request: 0.000102 seconds.
  path: Assets/Ground textures pack/Ground 01/Ground pattern 01.mat
  artifactKey: Guid(748487d582b00d847bd57517f78d8e8f) Importer(815301076,1909f56bfc062723c751e8b465ee728b)
Start importing Assets/Ground textures pack/Ground 01/Ground pattern 01.mat using Guid(748487d582b00d847bd57517f78d8e8f) Importer(815301076,1909f56bfc062723c751e8b465ee728b)  -> (artifact id: '086f40d5686fd62dbdd9e41ac1bb7209') in 0.009490 seconds 
========================================================================
Received Import Request.
  Time since last request: 0.000094 seconds.
  path: Assets/Ground textures pack/Grass & dead leafs 01/Grass & dead leafs pattern 01.mat
  artifactKey: Guid(893960384de673345a82517892b28bc7) Importer(815301076,1909f56bfc062723c751e8b465ee728b)
Start importing Assets/Ground textures pack/Grass & dead leafs 01/Grass & dead leafs pattern 01.mat using Guid(893960384de673345a82517892b28bc7) Importer(815301076,1909f56bfc062723c751e8b465ee728b)  -> (artifact id: '4b8849282d3c22f8da8f1fe0678cc2a4') in 0.009021 seconds 
========================================================================
Received Import Request.
  Time since last request: 0.000168 seconds.
  path: Assets/Ground textures pack/Grass 04/Grass pattern 04.mat
  artifactKey: Guid(059cceb0ba6e50741bfe6ec2c755d5f4) Importer(815301076,1909f56bfc062723c751e8b465ee728b)
Start importing Assets/Ground textures pack/Grass 04/Grass pattern 04.mat using Guid(059cceb0ba6e50741bfe6ec2c755d5f4) Importer(815301076,1909f56bfc062723c751e8b465ee728b)  -> (artifact id: '9a5a69dc4d1f78ae2c47207c429ab602') in 0.008872 seconds 
========================================================================
Received Import Request.
  Time since last request: 0.000093 seconds.
  path: Assets/Ground textures pack/Ground & moss/Ground & moss pattern.mat
  artifactKey: Guid(5558b5711d37782468eeee5c2880e7d8) Importer(815301076,1909f56bfc062723c751e8b465ee728b)
Start importing Assets/Ground textures pack/Ground & moss/Ground & moss pattern.mat using Guid(5558b5711d37782468eeee5c2880e7d8) Importer(815301076,1909f56bfc062723c751e8b465ee728b)  -> (artifact id: 'e3cf06ab4066fcb6b0da87cd31b59a84') in 0.009296 seconds 
========================================================================
Received Import Request.
  Time since last request: 0.000098 seconds.
  path: Assets/Ground textures pack/Ground & rocks 02/Ground & rocks pattern 02.mat
  artifactKey: Guid(e7268e596932cb541834f57d320a4677) Importer(815301076,1909f56bfc062723c751e8b465ee728b)
Start importing Assets/Ground textures pack/Ground & rocks 02/Ground & rocks pattern 02.mat using Guid(e7268e596932cb541834f57d320a4677) Importer(815301076,1909f56bfc062723c751e8b465ee728b)  -> (artifact id: '2b17209f9c7151b46dd3d85dd3d4932c') in 0.008204 seconds 
========================================================================
Received Import Request.
  Time since last request: 0.000151 seconds.
  path: Assets/Ground textures pack/Lava/Lava pattern.mat
  artifactKey: Guid(42e26e838cb21e944aa7de2aae4edefc) Importer(815301076,1909f56bfc062723c751e8b465ee728b)
Start importing Assets/Ground textures pack/Lava/Lava pattern.mat using Guid(42e26e838cb21e944aa7de2aae4edefc) Importer(815301076,1909f56bfc062723c751e8b465ee728b)  -> (artifact id: '89543e9ecebeb91934069ba26c2ba067') in 0.101489 seconds 
========================================================================
Received Import Request.
  Time since last request: 0.000087 seconds.
  path: Assets/Ground textures pack/Ground & rocks 01/Ground & rocks pattern 01.mat
  artifactKey: Guid(224de5a1c3ba5f948af30bd7826e4666) Importer(815301076,1909f56bfc062723c751e8b465ee728b)
Start importing Assets/Ground textures pack/Ground & rocks 01/Ground & rocks pattern 01.mat using Guid(224de5a1c3ba5f948af30bd7826e4666) Importer(815301076,1909f56bfc062723c751e8b465ee728b)  -> (artifact id: '6e1921354af2e6a466e39b2f42da2ca1') in 0.009110 seconds 
========================================================================
Received Import Request.
  Time since last request: 0.000101 seconds.
  path: Assets/Ground textures pack/Grass & dead leafs 02/Grass & dead leafs pattern 02.mat
  artifactKey: Guid(020b997e4fa23c74297e208cd649319c) Importer(815301076,1909f56bfc062723c751e8b465ee728b)
Start importing Assets/Ground textures pack/Grass & dead leafs 02/Grass & dead leafs pattern 02.mat using Guid(020b997e4fa23c74297e208cd649319c) Importer(815301076,1909f56bfc062723c751e8b465ee728b)  -> (artifact id: '97931d942ae73df67d5d8b2d5268ee84') in 0.009034 seconds 
========================================================================
Received Import Request.
  Time since last request: 0.000134 seconds.
  path: Assets/Ground textures pack/Grass & rocks/Grass & rocks pattern.mat
  artifactKey: Guid(fedc75da63b32e249bccd7450cd29351) Importer(815301076,1909f56bfc062723c751e8b465ee728b)
Start importing Assets/Ground textures pack/Grass & rocks/Grass & rocks pattern.mat using Guid(fedc75da63b32e249bccd7450cd29351) Importer(815301076,1909f56bfc062723c751e8b465ee728b)  -> (artifact id: '110d0f12599851ad653682d0b36db2c3') in 0.008748 seconds 
========================================================================
Received Import Request.
  Time since last request: 0.000097 seconds.
  path: Assets/Ground textures pack/Ground & rocks 03/Ground & rocks pattern 03.mat
  artifactKey: Guid(bce0cd8cdfffc2a41b798316325a24d2) Importer(815301076,1909f56bfc062723c751e8b465ee728b)
Start importing Assets/Ground textures pack/Ground & rocks 03/Ground & rocks pattern 03.mat using Guid(bce0cd8cdfffc2a41b798316325a24d2) Importer(815301076,1909f56bfc062723c751e8b465ee728b)  -> (artifact id: '8f14ba706e6a30f6f74379dad5953866') in 0.009285 seconds 
========================================================================
Received Import Request.
  Time since last request: 0.000097 seconds.
  path: Assets/Ground textures pack/Ground 02/Ground pattern 02.mat
  artifactKey: Guid(36508c771463abf43b7135d9539897e7) Importer(815301076,1909f56bfc062723c751e8b465ee728b)
Start importing Assets/Ground textures pack/Ground 02/Ground pattern 02.mat using Guid(36508c771463abf43b7135d9539897e7) Importer(815301076,1909f56bfc062723c751e8b465ee728b)  -> (artifact id: '52ac7153dda3dac980261bfcc14045e5') in 0.008906 seconds 
========================================================================
Received Import Request.
  Time since last request: 0.000097 seconds.
  path: Assets/Ground textures pack/Grass 01/Grass pattern 01.mat
  artifactKey: Guid(2c6f5ab601d22834883d3c7e18f8be41) Importer(815301076,1909f56bfc062723c751e8b465ee728b)
Start importing Assets/Ground textures pack/Grass 01/Grass pattern 01.mat using Guid(2c6f5ab601d22834883d3c7e18f8be41) Importer(815301076,1909f56bfc062723c751e8b465ee728b)  -> (artifact id: '6bfa841682d7c208a36f0383ba343fa6') in 0.009003 seconds 
========================================================================
Received Import Request.
  Time since last request: 0.000099 seconds.
  path: Assets/Ground textures pack/Grass 06/Grass pattern 06.mat
  artifactKey: Guid(9dccf2dcc78efe741b7931e3bb85beaf) Importer(815301076,1909f56bfc062723c751e8b465ee728b)
Start importing Assets/Ground textures pack/Grass 06/Grass pattern 06.mat using Guid(9dccf2dcc78efe741b7931e3bb85beaf) Importer(815301076,1909f56bfc062723c751e8b465ee728b)  -> (artifact id: '4ff40c47199a2db52af85144b1490edc') in 0.008851 seconds 
========================================================================
Received Import Request.
  Time since last request: 0.000093 seconds.
  path: Assets/Ground textures pack/Grass 02/Grass pattern 02.mat
  artifactKey: Guid(15654a743eccf384fb2312048db767f0) Importer(815301076,1909f56bfc062723c751e8b465ee728b)
Start importing Assets/Ground textures pack/Grass 02/Grass pattern 02.mat using Guid(15654a743eccf384fb2312048db767f0) Importer(815301076,1909f56bfc062723c751e8b465ee728b)  -> (artifact id: '4ff46d31267cd8ecb8a0f2fe45175193') in 0.009029 seconds 
========================================================================
Received Import Request.
  Time since last request: 23.797743 seconds.
  path: Assets/Packages
  artifactKey: Guid(525a699ddef1f194d98ce033a3ba1267) Importer(815301076,1909f56bfc062723c751e8b465ee728b)
Start importing Assets/Packages using Guid(525a699ddef1f194d98ce033a3ba1267) Importer(815301076,1909f56bfc062723c751e8b465ee728b)  -> (artifact id: 'fae9035086fd51b788b1fa70d6fdf152') in 0.002920 seconds 
========================================================================
Received Import Request.
  Time since last request: 9.608714 seconds.
  path: Assets/Packages/Ground textures pack/Dry ground
  artifactKey: Guid(e6c46d3b7a5e3f14789c30a2d6ff3e10) Importer(815301076,1909f56bfc062723c751e8b465ee728b)
Start importing Assets/Packages/Ground textures pack/Dry ground using Guid(e6c46d3b7a5e3f14789c30a2d6ff3e10) Importer(815301076,1909f56bfc062723c751e8b465ee728b)  -> (artifact id: 'e95c53e9b41575335e1f44dc09710c10') in 0.003116 seconds 
========================================================================
Received Import Request.
  Time since last request: 1.839274 seconds.
  path: Assets/Packages/Ground textures pack/Dry ground/normal.tga
  artifactKey: Guid(af579c7a89d15d24eb8c925a43a236cf) Importer(815301076,1909f56bfc062723c751e8b465ee728b)
Start importing Assets/Packages/Ground textures pack/Dry ground/normal.tga using Guid(af579c7a89d15d24eb8c925a43a236cf) Importer(815301076,1909f56bfc062723c751e8b465ee728b)  -> (artifact id: 'b9ae1c09a289eafc941964d590c55230') in 0.015058 seconds 
========================================================================
Received Import Request.
  Time since last request: 0.355578 seconds.
  path: Assets/Packages/Ground textures pack/Dry ground/diffuse.tga
  artifactKey: Guid(f5d1de47f0f760544a5596ceb8cc895f) Importer(815301076,1909f56bfc062723c751e8b465ee728b)
Start importing Assets/Packages/Ground textures pack/Dry ground/diffuse.tga using Guid(f5d1de47f0f760544a5596ceb8cc895f) Importer(815301076,1909f56bfc062723c751e8b465ee728b)  -> (artifact id: 'e6057c720a8e631672840ccc4e8c1ac1') in 0.008698 seconds 
========================================================================
Received Import Request.
  Time since last request: 94.919859 seconds.
  path: Assets/Packages/Ground textures pack/Ground & rocks 03/diffuse.tga
  artifactKey: Guid(117cca91456049f4692a3becee93522e) Importer(815301076,1909f56bfc062723c751e8b465ee728b)
Start importing Assets/Packages/Ground textures pack/Ground & rocks 03/diffuse.tga using Guid(117cca91456049f4692a3becee93522e) Importer(815301076,1909f56bfc062723c751e8b465ee728b)  -> (artifact id: 'ab5765071b55612f8eeefd05b3e19d8c') in 0.011123 seconds 
========================================================================
Received Import Request.
  Time since last request: 0.000102 seconds.
  path: Assets/Packages/Ground textures pack/Ground & rocks 03/normal.tga
  artifactKey: Guid(cff344200e51614498e78e8f88d54273) Importer(815301076,1909f56bfc062723c751e8b465ee728b)
Start importing Assets/Packages/Ground textures pack/Ground & rocks 03/normal.tga using Guid(cff344200e51614498e78e8f88d54273) Importer(815301076,1909f56bfc062723c751e8b465ee728b)  -> (artifact id: '329a17ab151db950c28d7e480ba9b37e') in 0.009093 seconds 
========================================================================
Received Import Request.
  Time since last request: 107.121209 seconds.
  path: Assets/Packages/Ground textures pack/Ground & rocks 03/preview.jpg
  artifactKey: Guid(451182d55aea8cb4e90af164a14e8bee) Importer(815301076,1909f56bfc062723c751e8b465ee728b)
Start importing Assets/Packages/Ground textures pack/Ground & rocks 03/preview.jpg using Guid(451182d55aea8cb4e90af164a14e8bee) Importer(815301076,1909f56bfc062723c751e8b465ee728b)  -> (artifact id: 'a2893dbda20f85231de563f7c92cecac') in 0.061262 seconds 
========================================================================
Received Import Request.
  Time since last request: 141.978394 seconds.
  path: Assets/Packages/Ground textures pack/Dry ground/Materials
  artifactKey: Guid(df5f4e99e2e3a9d4a860055b90046398) Importer(815301076,1909f56bfc062723c751e8b465ee728b)
Start importing Assets/Packages/Ground textures pack/Dry ground/Materials using Guid(df5f4e99e2e3a9d4a860055b90046398) Importer(815301076,1909f56bfc062723c751e8b465ee728b)  -> (artifact id: '6685a9ca6191d71e9cf86c57bdf372e5') in 0.011298 seconds 
========================================================================
Received Import Request.
  Time since last request: 169.096780 seconds.
  path: Assets/Packages/Ground textures pack/Grass & rocks/diffuse.tga
  artifactKey: Guid(12ff3c37d59e28240a8f4643c3ead3d3) Importer(815301076,1909f56bfc062723c751e8b465ee728b)
Start importing Assets/Packages/Ground textures pack/Grass & rocks/diffuse.tga using Guid(12ff3c37d59e28240a8f4643c3ead3d3) Importer(815301076,1909f56bfc062723c751e8b465ee728b)  -> (artifact id: '2b429ae9c12b3b1a6ada43f6e37f55e3') in 0.009028 seconds 
========================================================================
Received Import Request.
  Time since last request: 0.000102 seconds.
  path: Assets/Packages/Ground textures pack/Grass & rocks/normal.tga
  artifactKey: Guid(e5895469fa6440e4a876bf0672599e59) Importer(815301076,1909f56bfc062723c751e8b465ee728b)
Start importing Assets/Packages/Ground textures pack/Grass & rocks/normal.tga using Guid(e5895469fa6440e4a876bf0672599e59) Importer(815301076,1909f56bfc062723c751e8b465ee728b)  -> (artifact id: 'b282f3071dfd9404c9f5fa53df74bd37') in 0.008857 seconds 
AssetImportWorkerClient::OnTransportError - code=2 error=End of file
